{"/Users/zane/.liq/playground/liquid-labs/catalyst-server/src/cli/index.js": {"path":"/Users/zane/.liq/playground/liquid-labs/catalyst-server/src/cli/index.js","statementMap":{"0":{"start":{"line":1,"column":0},"end":{"line":1,"column":null}},"1":{"start":{"line":2,"column":0},"end":{"line":2,"column":null}},"2":{"start":{"line":4,"column":0},"end":{"line":4,"column":null}},"3":{"start":{"line":6,"column":13},"end":{"line":6,"column":28}},"4":{"start":{"line":8,"column":0},"end":{"line":8,"column":null}}},"fnMap":{},"branchMap":{},"s":{"0":0,"1":0,"2":0,"3":0,"4":0},"f":{},"b":{}}
,"/Users/zane/.liq/playground/liquid-labs/catalyst-server/src/lib/app-init.mjs": {"path":"/Users/zane/.liq/playground/liquid-labs/catalyst-server/src/lib/app-init.mjs","statementMap":{"0":{"start":{"line":1,"column":0},"end":{"line":1,"column":null}},"1":{"start":{"line":2,"column":0},"end":{"line":2,"column":null}},"2":{"start":{"line":4,"column":0},"end":{"line":4,"column":null}},"3":{"start":{"line":5,"column":0},"end":{"line":5,"column":68}},"4":{"start":{"line":5,"column":68},"end":{"line":5,"column":null}},"5":{"start":{"line":7,"column":28},"end":{"line":7,"column":75}},"6":{"start":{"line":8,"column":28},"end":{"line":8,"column":81}},"7":{"start":{"line":9,"column":24},"end":{"line":9,"column":99}},"8":{"start":{"line":10,"column":22},"end":{"line":10,"column":53}},"9":{"start":{"line":12,"column":16},"end":{"line":12,"column":80}},"10":{"start":{"line":13,"column":32},"end":{"line":13,"column":15}},"11":{"start":{"line":15,"column":13},"end":{"line":15,"column":16}},"12":{"start":{"line":15,"column":13},"end":{"line":47,"column":null}},"13":{"start":{"line":15,"column":16},"end":{"line":46,"column":null}},"14":{"start":{"line":15,"column":16},"end":{"line":30,"column":null}},"15":{"start":{"line":30,"column":12},"end":{"line":30,"column":null}},"16":{"start":{"line":30,"column":12},"end":{"line":44,"column":null}},"17":{"start":{"line":32,"column":8},"end":{"line":32,"column":null}},"18":{"start":{"line":32,"column":15},"end":{"line":46,"column":null}},"19":{"start":{"line":46,"column":16},"end":{"line":46,"column":null}},"20":{"start":{"line":47,"column":1},"end":{"line":15,"column":16}}},"fnMap":{"0":{"name":"_getRequireWildcardCache","decl":{"start":{"line":5,"column":68},"end":{"line":5,"column":null}},"loc":{"start":{"line":5,"column":68},"end":{"line":5,"column":null}}},"1":{"name":"(anonymous_8)","decl":{"start":{"line":15,"column":13},"end":{"line":15,"column":16}},"loc":{"start":{"line":15,"column":13},"end":{"line":15,"column":16}}},"2":{"name":"_callee","decl":{"start":{"line":15,"column":16},"end":{"line":15,"column":null}},"loc":{"start":{"line":15,"column":16},"end":{"line":46,"column":null}}},"3":{"name":"appInit","decl":{"start":{"line":15,"column":6},"end":{"line":15,"column":13}},"loc":{"start":{"line":15,"column":13},"end":{"line":15,"column":16}}}},"branchMap":{"0":{"loc":{"start":{"line":5,"column":68},"end":{"line":5,"column":null}},"type":"if","locations":[{"start":{"line":5,"column":68},"end":{"line":5,"column":null}}]},"1":{"loc":{"start":{"line":5,"column":68},"end":{"line":5,"column":null}},"type":"cond-expr","locations":[{"start":{"line":5,"column":68},"end":{"line":5,"column":null}},{"start":{"line":5,"column":68},"end":{"line":5,"column":null}}]},"2":{"loc":{"start":{"line":5,"column":68},"end":{"line":5,"column":null}},"type":"binary-expr","locations":[{"start":{"line":5,"column":68},"end":{"line":5,"column":null}},{"start":{"line":5,"column":68},"end":{"line":5,"column":null}},{"start":{"line":5,"column":68},"end":{"line":5,"column":null}}]},"3":{"loc":{"start":{"line":9,"column":24},"end":{"line":9,"column":99}},"type":"cond-expr","locations":[{"start":{"line":9,"column":58},"end":{"line":9,"column":77}},{"start":{"line":9,"column":80},"end":{"line":9,"column":99}}]},"4":{"loc":{"start":{"line":15,"column":16},"end":{"line":46,"column":null}},"type":"switch","locations":[{"start":{"line":15,"column":16},"end":{"line":44,"column":null}},{"start":{"line":44,"column":6},"end":{"line":46,"column":null}},{"start":{"line":46,"column":16},"end":{"line":46,"column":null}},{"start":{"line":46,"column":16},"end":{"line":46,"column":null}}]},"5":{"loc":{"start":{"line":16,"column":6},"end":{"line":16,"column":null}},"type":"cond-expr","locations":[{"start":{"line":16,"column":9},"end":{"line":16,"column":26}},{"start":{"line":16,"column":26},"end":{"line":16,"column":null}}]},"6":{"loc":{"start":{"line":17,"column":9},"end":{"line":17,"column":null}},"type":"cond-expr","locations":[{"start":{"line":17,"column":12},"end":{"line":17,"column":22}},{"start":{"line":17,"column":22},"end":{"line":17,"column":null}}]},"7":{"loc":{"start":{"line":18,"column":9},"end":{"line":18,"column":null}},"type":"cond-expr","locations":[{"start":{"line":18,"column":12},"end":{"line":18,"column":22}},{"start":{"line":18,"column":22},"end":{"line":18,"column":null}}]},"8":{"loc":{"start":{"line":19,"column":13},"end":{"line":19,"column":null}},"type":"cond-expr","locations":[{"start":{"line":19,"column":16},"end":{"line":19,"column":35}},{"start":{"line":19,"column":35},"end":{"line":19,"column":null}}]},"9":{"loc":{"start":{"line":20,"column":13},"end":{"line":20,"column":null}},"type":"cond-expr","locations":[{"start":{"line":20,"column":16},"end":{"line":20,"column":41}},{"start":{"line":20,"column":41},"end":{"line":20,"column":null}}]},"10":{"loc":{"start":{"line":21,"column":13},"end":{"line":21,"column":null}},"type":"cond-expr","locations":[{"start":{"line":21,"column":16},"end":{"line":21,"column":31}},{"start":{"line":21,"column":31},"end":{"line":21,"column":null}}]},"11":{"loc":{"start":{"line":22,"column":19},"end":{"line":27,"column":null}},"type":"cond-expr","locations":[{"start":{"line":22,"column":22},"end":{"line":26,"column":null}},{"start":{"line":27,"column":3},"end":{"line":27,"column":null}}]},"12":{"loc":{"start":{"line":28,"column":12},"end":{"line":28,"column":null}},"type":"cond-expr","locations":[{"start":{"line":28,"column":15},"end":{"line":28,"column":30}},{"start":{"line":28,"column":30},"end":{"line":28,"column":null}}]},"13":{"loc":{"start":{"line":29,"column":20},"end":{"line":29,"column":null}},"type":"cond-expr","locations":[{"start":{"line":29,"column":23},"end":{"line":29,"column":27}},{"start":{"line":29,"column":27},"end":{"line":29,"column":null}}]}},"s":{"0":1,"1":1,"2":1,"3":1,"4":93,"5":1,"6":1,"7":1,"8":1,"9":1,"10":1,"11":2,"12":1,"13":7,"14":1,"15":1,"16":1,"17":1,"18":1,"19":1,"20":1},"f":{"0":7,"1":1,"2":4,"3":1},"b":{"0":[18],"1":[37,36],"2":[18,18,17],"3":[0,1],"4":[1,1,0,1],"5":[1,0],"6":[1,0],"7":[1,0],"8":[1,0],"9":[1,0],"10":[1,0],"11":[1,0],"12":[0,1],"13":[0,1]}}
,"/Users/zane/.liq/playground/liquid-labs/catalyst-server/src/lib/index.js": {"path":"/Users/zane/.liq/playground/liquid-labs/catalyst-server/src/lib/index.js","statementMap":{"0":{"start":{"line":1,"column":0},"end":{"line":1,"column":null}},"1":{"start":{"line":2,"column":0},"end":{"line":2,"column":null}}},"fnMap":{"0":{"name":"(anonymous_0)","decl":{"start":{"line":1,"column":0},"end":{"line":1,"column":null}},"loc":{"start":{"line":1,"column":0},"end":{"line":1,"column":null}}},"1":{"name":"(anonymous_2)","decl":{"start":{"line":2,"column":0},"end":{"line":2,"column":null}},"loc":{"start":{"line":2,"column":0},"end":{"line":2,"column":null}}}},"branchMap":{"0":{"loc":{"start":{"line":1,"column":0},"end":{"line":1,"column":null}},"type":"if","locations":[{"start":{"line":1,"column":0},"end":{"line":1,"column":null}}]},"1":{"loc":{"start":{"line":1,"column":0},"end":{"line":1,"column":null}},"type":"binary-expr","locations":[{"start":{"line":1,"column":0},"end":{"line":1,"column":null}},{"start":{"line":1,"column":0},"end":{"line":1,"column":null}}]},"2":{"loc":{"start":{"line":2,"column":0},"end":{"line":2,"column":null}},"type":"if","locations":[{"start":{"line":2,"column":0},"end":{"line":2,"column":null}}]},"3":{"loc":{"start":{"line":2,"column":0},"end":{"line":2,"column":null}},"type":"binary-expr","locations":[{"start":{"line":2,"column":0},"end":{"line":2,"column":null}},{"start":{"line":2,"column":0},"end":{"line":2,"column":null}}]}},"s":{"0":0,"1":0},"f":{"0":0,"1":0},"b":{"0":[0],"1":[0,0],"2":[0],"3":[0,0]}}
,"/Users/zane/.liq/playground/liquid-labs/catalyst-server/src/lib/handlers/index.js": {"path":"/Users/zane/.liq/playground/liquid-labs/catalyst-server/src/lib/handlers/index.js","statementMap":{"0":{"start":{"line":1,"column":0},"end":{"line":1,"column":null}}},"fnMap":{"0":{"name":"(anonymous_0)","decl":{"start":{"line":1,"column":0},"end":{"line":1,"column":null}},"loc":{"start":{"line":1,"column":0},"end":{"line":1,"column":null}}}},"branchMap":{"0":{"loc":{"start":{"line":1,"column":0},"end":{"line":1,"column":null}},"type":"if","locations":[{"start":{"line":1,"column":0},"end":{"line":1,"column":null}}]},"1":{"loc":{"start":{"line":1,"column":0},"end":{"line":1,"column":null}},"type":"binary-expr","locations":[{"start":{"line":1,"column":0},"end":{"line":1,"column":null}},{"start":{"line":1,"column":0},"end":{"line":1,"column":null}}]}},"s":{"0":0},"f":{"0":0},"b":{"0":[0],"1":[0,0]}}
,"/Users/zane/.liq/playground/liquid-labs/catalyst-server/src/lib/handlers/snippets/index.js": {"path":"/Users/zane/.liq/playground/liquid-labs/catalyst-server/src/lib/handlers/snippets/index.js","statementMap":{"0":{"start":{"line":1,"column":0},"end":{"line":1,"column":37}},"1":{"start":{"line":1,"column":37},"end":{"line":1,"column":null}},"2":{"start":{"line":3,"column":14},"end":{"line":3,"column":30}}},"fnMap":{"0":{"name":"_getRequireWildcardCache","decl":{"start":{"line":1,"column":37},"end":{"line":1,"column":null}},"loc":{"start":{"line":1,"column":37},"end":{"line":1,"column":null}}}},"branchMap":{"0":{"loc":{"start":{"line":1,"column":37},"end":{"line":1,"column":null}},"type":"if","locations":[{"start":{"line":1,"column":37},"end":{"line":1,"column":null}}]},"1":{"loc":{"start":{"line":1,"column":37},"end":{"line":1,"column":null}},"type":"cond-expr","locations":[{"start":{"line":1,"column":37},"end":{"line":1,"column":null}},{"start":{"line":1,"column":37},"end":{"line":1,"column":null}}]},"2":{"loc":{"start":{"line":1,"column":37},"end":{"line":1,"column":null}},"type":"binary-expr","locations":[{"start":{"line":1,"column":37},"end":{"line":1,"column":null}},{"start":{"line":1,"column":37},"end":{"line":1,"column":null}},{"start":{"line":1,"column":37},"end":{"line":1,"column":null}}]}},"s":{"0":0,"1":0,"2":0},"f":{"0":0},"b":{"0":[0],"1":[0,0],"2":[0,0,0]}}
,"/Users/zane/.liq/playground/liquid-labs/catalyst-server/src/lib/handlers/snippets/list.mjs": {"path":"/Users/zane/.liq/playground/liquid-labs/catalyst-server/src/lib/handlers/snippets/list.mjs","statementMap":{"0":{"start":{"line":1,"column":0},"end":{"line":1,"column":null}},"1":{"start":{"line":3,"column":12},"end":{"line":3,"column":20}},"2":{"start":{"line":4,"column":10},"end":{"line":4,"column":33}},"3":{"start":{"line":5,"column":16},"end":{"line":5,"column":21}},"4":{"start":{"line":7,"column":10},"end":{"line":13,"column":null}},"5":{"start":{"line":7,"column":24},"end":{"line":7,"column":23}},"6":{"start":{"line":7,"column":24},"end":{"line":13,"column":null}},"7":{"start":{"line":8,"column":2},"end":{"line":8,"column":null}},"8":{"start":{"line":10,"column":14},"end":{"line":10,"column":21}},"9":{"start":{"line":12,"column":2},"end":{"line":12,"column":null}}},"fnMap":{"0":{"name":"func","decl":{"start":{"line":7,"column":6},"end":{"line":7,"column":10}},"loc":{"start":{"line":7,"column":10},"end":{"line":13,"column":null}}},"1":{"name":"(anonymous_1)","decl":{"start":{"line":7,"column":31},"end":{"line":7,"column":32}},"loc":{"start":{"line":7,"column":45},"end":{"line":13,"column":1}}}},"branchMap":{},"s":{"0":0,"1":0,"2":0,"3":0,"4":0,"5":0,"6":0,"7":0,"8":0,"9":0},"f":{"0":0,"1":0},"b":{}}
}
