{"/Users/zane/playground/comply-server/src/lib/app-init.mjs": {"path":"/Users/zane/playground/comply-server/src/lib/app-init.mjs","statementMap":{"0":{"start":{"line":1,"column":0},"end":{"line":1,"column":null}},"1":{"start":{"line":2,"column":0},"end":{"line":2,"column":null}},"2":{"start":{"line":4,"column":0},"end":{"line":4,"column":null}},"3":{"start":{"line":10,"column":0},"end":{"line":10,"column":68}},"4":{"start":{"line":10,"column":68},"end":{"line":10,"column":null}},"5":{"start":{"line":12,"column":28},"end":{"line":12,"column":75}},"6":{"start":{"line":13,"column":28},"end":{"line":13,"column":81}},"7":{"start":{"line":14,"column":24},"end":{"line":14,"column":99}},"8":{"start":{"line":18,"column":16},"end":{"line":18,"column":80}},"9":{"start":{"line":19,"column":32},"end":{"line":19,"column":39}},"10":{"start":{"line":21,"column":20},"end":{"line":21,"column":69}},"11":{"start":{"line":23,"column":16},"end":{"line":31,"column":2}},"12":{"start":{"line":23,"column":34},"end":{"line":31,"column":2}},"13":{"start":{"line":31,"column":2},"end":{"line":31,"column":null}}},"fnMap":{"0":{"name":"_getRequireWildcardCache","decl":{"start":{"line":10,"column":68},"end":{"line":10,"column":null}},"loc":{"start":{"line":10,"column":68},"end":{"line":10,"column":null}}},"1":{"name":"(anonymous_3)","decl":{"start":{"line":23,"column":16},"end":{"line":23,"column":22}},"loc":{"start":{"line":23,"column":34},"end":{"line":31,"column":2}}}},"branchMap":{"0":{"loc":{"start":{"line":10,"column":68},"end":{"line":10,"column":null}},"type":"if","locations":[{"start":{"line":10,"column":68},"end":{"line":10,"column":null}}]},"1":{"loc":{"start":{"line":10,"column":68},"end":{"line":10,"column":null}},"type":"cond-expr","locations":[{"start":{"line":10,"column":68},"end":{"line":10,"column":null}},{"start":{"line":10,"column":68},"end":{"line":10,"column":null}}]},"2":{"loc":{"start":{"line":10,"column":68},"end":{"line":10,"column":null}},"type":"binary-expr","locations":[{"start":{"line":10,"column":68},"end":{"line":10,"column":null}},{"start":{"line":10,"column":68},"end":{"line":10,"column":null}},{"start":{"line":10,"column":68},"end":{"line":10,"column":null}}]},"3":{"loc":{"start":{"line":14,"column":24},"end":{"line":14,"column":99}},"type":"cond-expr","locations":[{"start":{"line":14,"column":58},"end":{"line":14,"column":77}},{"start":{"line":14,"column":80},"end":{"line":14,"column":99}}]}},"s":{"0":2,"1":2,"2":2,"3":2,"4":122,"5":2,"6":2,"7":2,"8":2,"9":2,"10":2,"11":2,"12":1,"13":2},"f":{"0":6,"1":1},"b":{"0":[32],"1":[70,72],"2":[36,36,34],"3":[0,2]}}
}
